{"level":"warn","message":"Server running on port: http://localhost:3002","service":"post-service","timestamp":"2025-05-13T22:09:50.617Z"}
{"level":"info","message":"connected to mongoDb","service":"post-service","timestamp":"2025-05-13T22:09:52.572Z"}
{"level":"warn","message":"Server running on port: http://localhost:3002","service":"post-service","timestamp":"2025-05-13T22:19:08.294Z"}
{"level":"info","message":"connected to mongoDb","service":"post-service","timestamp":"2025-05-13T22:19:10.513Z"}
{"level":"info","message":"Recieved POST request to /api/posts/create-post","service":"post-service","timestamp":"2025-05-13T22:32:13.124Z"}
{"level":"info","message":"Request body, [object Object]","service":"post-service","timestamp":"2025-05-13T22:32:13.126Z"}
{"level":"warn","message":"Access attempted without ID","service":"post-service","timestamp":"2025-05-13T22:32:13.127Z"}
{"level":"info","message":"Recieved POST request to /api/posts/create-post","service":"post-service","timestamp":"2025-05-13T22:34:02.959Z"}
{"level":"info","message":"Request body, [object Object]","service":"post-service","timestamp":"2025-05-13T22:34:02.960Z"}
{"level":"warn","message":"Access attempted without ID","service":"post-service","timestamp":"2025-05-13T22:34:02.961Z"}
{"level":"warn","message":"Server running on port: http://localhost:3002","service":"post-service","timestamp":"2025-05-17T15:53:26.113Z"}
{"level":"info","message":"connected to mongoDb","service":"post-service","timestamp":"2025-05-17T15:53:28.443Z"}
{"level":"warn","message":"Server running on port: http://localhost:3002","service":"post-service","timestamp":"2025-05-17T16:03:29.083Z"}
{"level":"info","message":"connected to mongoDb","service":"post-service","timestamp":"2025-05-17T16:03:30.539Z"}
{"level":"warn","message":"Server running on port: http://localhost:3002","service":"post-service","timestamp":"2025-05-17T16:04:53.099Z"}
{"level":"info","message":"connected to mongoDb","service":"post-service","timestamp":"2025-05-17T16:04:54.918Z"}
{"level":"info","message":"Recieved POST request to /v1/posts/create-post","service":"post-service","timestamp":"2025-05-17T16:05:31.463Z"}
{"level":"info","message":"Request body, [object Object]","service":"post-service","timestamp":"2025-05-17T16:05:31.465Z"}
{"level":"info","message":"Recieved POST request to /v1/posts/create-post","service":"post-service","timestamp":"2025-05-17T16:05:58.010Z"}
{"level":"info","message":"Request body, [object Object]","service":"post-service","timestamp":"2025-05-17T16:05:58.012Z"}
{"level":"warn","message":"Server running on port: http://localhost:3002","service":"post-service","timestamp":"2025-05-17T16:06:18.978Z"}
{"level":"info","message":"connected to mongoDb","service":"post-service","timestamp":"2025-05-17T16:06:21.358Z"}
{"level":"info","message":"Recieved POST request to /v1/posts/create-post","service":"post-service","timestamp":"2025-05-17T16:06:21.866Z"}
{"level":"info","message":"Request body, [object Object]","service":"post-service","timestamp":"2025-05-17T16:06:21.867Z"}
{"level":"info","message":"Recieved POST request to /api/posts/create-post","service":"post-service","timestamp":"2025-05-17T16:27:24.587Z"}
{"level":"info","message":"Request body, [object Object]","service":"post-service","timestamp":"2025-05-17T16:27:24.589Z"}
{"level":"info","message":"Post creation successful","service":"post-service","timestamp":"2025-05-17T16:27:24.978Z"}
{"level":"info","message":"Recieved POST request to /api/posts/create-post","service":"post-service","timestamp":"2025-05-17T16:28:55.967Z"}
{"level":"info","message":"Request body, [object Object]","service":"post-service","timestamp":"2025-05-17T16:28:55.968Z"}
{"level":"info","message":"Post creation successful","service":"post-service","timestamp":"2025-05-17T16:28:56.313Z"}
